<?xml version="1.0" encoding="UTF-8"?>
<!-- Generated by org.testng.reporters.JUnitReportReporter -->
<testsuite hostname="LAPTOP-P63IV90U" failures="0" tests="1" name="test.AddContactTest" time="7.747" errors="0" timestamp="20 Jul 2019 22:58:35 GMT">
  <testcase classname="test.AddContactTest" name="AddingContact" time="7.747"/>
</testsuite> <!-- test.AddContactTest -->
