<?xml version="1.0" encoding="UTF-8"?>
<!-- Generated by org.testng.reporters.JUnitReportReporter -->
<testsuite hostname="DESKTOP-91B7HJ8" name="test.AddContactTest" tests="1" failures="0" timestamp="6 Jul 2019 12:32:11 GMT" time="12.014" errors="0">
  <testcase name="AddingContact" time="12.014" classname="test.AddContactTest"/>
</testsuite> <!-- test.AddContactTest -->
