<?xml version="1.0" encoding="UTF-8"?>
<!-- Generated by org.testng.reporters.JUnitReportReporter -->
<testsuite hostname="DESKTOP-91B7HJ8" name="test.LoginTest" tests="2" failures="0" timestamp="6 Jul 2019 12:33:07 GMT" time="12.473" errors="0">
  <testcase name="TechfiosLoginTest" time="7.873" classname="test.LoginTest"/>
  <testcase name="TechfiosLoginTest2" time="4.600" classname="test.LoginTest"/>
</testsuite> <!-- test.LoginTest -->
